<?xml version="1.0" encoding="UTF-8"?>
<testsuite xmlns:xsi="http://www.w3.org/2001/XMLSchema-instance" xsi:noNamespaceSchemaLocation="https://maven.apache.org/surefire/maven-surefire-plugin/xsd/surefire-test-report-3.0.xsd" version="3.0" name="fr.univavignon.pokedex.api.IPokemonTrainerFactoryTest" time="0.591" tests="1" errors="0" skipped="0" failures="0">
  <properties>
    <property name="java.specification.version" value="21"/>
    <property name="sun.jnu.encoding" value="UTF-8"/>
    <property name="java.class.path" value="/home/nas-wks01/users/uapv2502122/ceri-m1-techniques-de-test/target/test-classes:/home/nas-wks01/users/uapv2502122/ceri-m1-techniques-de-test/target/classes:/home/nas-wks01/users/uapv2502122/.m2/repository/org/mockito/mockito-core/5.12.0/mockito-core-5.12.0.jar:/home/nas-wks01/users/uapv2502122/.m2/repository/net/bytebuddy/byte-buddy/1.14.15/byte-buddy-1.14.15.jar:/home/nas-wks01/users/uapv2502122/.m2/repository/net/bytebuddy/byte-buddy-agent/1.14.15/byte-buddy-agent-1.14.15.jar:/home/nas-wks01/users/uapv2502122/.m2/repository/org/objenesis/objenesis/3.3/objenesis-3.3.jar:/home/nas-wks01/users/uapv2502122/.m2/repository/junit/junit/4.13.2/junit-4.13.2.jar:/home/nas-wks01/users/uapv2502122/.m2/repository/org/hamcrest/hamcrest-core/1.3/hamcrest-core-1.3.jar:"/>
    <property name="java.vm.vendor" value="Ubuntu"/>
    <property name="sun.arch.data.model" value="64"/>
    <property name="java.vendor.url" value="https://ubuntu.com/"/>
    <property name="os.name" value="Linux"/>
    <property name="java.vm.specification.version" value="21"/>
    <property name="user.country" value="FR"/>
    <property name="sun.java.launcher" value="SUN_STANDARD"/>
    <property name="sun.boot.library.path" value="/usr/lib/jvm/java-21-openjdk-amd64/lib"/>
    <property name="sun.java.command" value="/home/nas-wks01/users/uapv2502122/ceri-m1-techniques-de-test/target/surefire/surefirebooter-20241015085355523_3.jar /home/nas-wks01/users/uapv2502122/ceri-m1-techniques-de-test/target/surefire 2024-10-15T08-53-55_415-jvmRun1 surefire-20241015085355523_1tmp surefire_0-20241015085355523_2tmp"/>
    <property name="jdk.debug" value="release"/>
    <property name="test" value="fr.univavignon.pokedex.api.IPokemonTrainerFactoryTest#createTrainer"/>
    <property name="surefire.test.class.path" value="/home/nas-wks01/users/uapv2502122/ceri-m1-techniques-de-test/target/test-classes:/home/nas-wks01/users/uapv2502122/ceri-m1-techniques-de-test/target/classes:/home/nas-wks01/users/uapv2502122/.m2/repository/org/mockito/mockito-core/5.12.0/mockito-core-5.12.0.jar:/home/nas-wks01/users/uapv2502122/.m2/repository/net/bytebuddy/byte-buddy/1.14.15/byte-buddy-1.14.15.jar:/home/nas-wks01/users/uapv2502122/.m2/repository/net/bytebuddy/byte-buddy-agent/1.14.15/byte-buddy-agent-1.14.15.jar:/home/nas-wks01/users/uapv2502122/.m2/repository/org/objenesis/objenesis/3.3/objenesis-3.3.jar:/home/nas-wks01/users/uapv2502122/.m2/repository/junit/junit/4.13.2/junit-4.13.2.jar:/home/nas-wks01/users/uapv2502122/.m2/repository/org/hamcrest/hamcrest-core/1.3/hamcrest-core-1.3.jar:"/>
    <property name="sun.cpu.endian" value="little"/>
    <property name="user.home" value="/home/nas-wks01/users/uapv2502122"/>
    <property name="user.language" value="fr"/>
    <property name="java.specification.vendor" value="Oracle Corporation"/>
    <property name="java.version.date" value="2024-07-16"/>
    <property name="java.home" value="/usr/lib/jvm/java-21-openjdk-amd64"/>
    <property name="file.separator" value="/"/>
    <property name="basedir" value="/home/nas-wks01/users/uapv2502122/ceri-m1-techniques-de-test"/>
    <property name="java.vm.compressedOopsMode" value="Zero based"/>
    <property name="line.separator" value="&#10;"/>
    <property name="java.specification.name" value="Java Platform API Specification"/>
    <property name="java.vm.specification.vendor" value="Oracle Corporation"/>
    <property name="surefire.real.class.path" value="/home/nas-wks01/users/uapv2502122/ceri-m1-techniques-de-test/target/surefire/surefirebooter-20241015085355523_3.jar"/>
    <property name="sun.management.compiler" value="HotSpot 64-Bit Tiered Compilers"/>
    <property name="java.runtime.version" value="21.0.4+7-Ubuntu-1ubuntu224.04"/>
    <property name="user.name" value="uapv2502122"/>
    <property name="stdout.encoding" value="UTF-8"/>
    <property name="path.separator" value=":"/>
    <property name="os.version" value="6.8.0-41-generic"/>
    <property name="java.runtime.name" value="OpenJDK Runtime Environment"/>
    <property name="file.encoding" value="UTF-8"/>
    <property name="java.vm.name" value="OpenJDK 64-Bit Server VM"/>
    <property name="maven.ext.class.path" value="/home/nas-wks01/users/uapv2502122/.vscode/extensions/oracle.oracle-java-23.0.0/nbcode/java/maven-nblib/netbeans-eventspy.jar"/>
    <property name="localRepository" value="/home/nas-wks01/users/uapv2502122/.m2/repository"/>
    <property name="java.vendor.url.bug" value="https://bugs.launchpad.net/ubuntu/+source/openjdk-21"/>
    <property name="java.io.tmpdir" value="/tmp"/>
    <property name="java.version" value="21.0.4"/>
    <property name="user.dir" value="/home/nas-wks01/users/uapv2502122/ceri-m1-techniques-de-test"/>
    <property name="os.arch" value="amd64"/>
    <property name="java.vm.specification.name" value="Java Virtual Machine Specification"/>
    <property name="native.encoding" value="UTF-8"/>
    <property name="java.library.path" value="/usr/java/packages/lib:/usr/lib/x86_64-linux-gnu/jni:/lib/x86_64-linux-gnu:/usr/lib/x86_64-linux-gnu:/usr/lib/jni:/lib:/usr/lib"/>
    <property name="java.vm.info" value="mixed mode, sharing"/>
    <property name="stderr.encoding" value="UTF-8"/>
    <property name="java.vendor" value="Ubuntu"/>
    <property name="java.vm.version" value="21.0.4+7-Ubuntu-1ubuntu224.04"/>
    <property name="sun.io.unicode.encoding" value="UnicodeLittle"/>
    <property name="java.class.version" value="65.0"/>
  </properties>
  <testcase name="createTrainer" classname="fr.univavignon.pokedex.api.IPokemonTrainerFactoryTest" time="0.566">
    <system-err><![CDATA[WARNING: A Java agent has been loaded dynamically (/home/nas-wks01/users/uapv2502122/.m2/repository/net/bytebuddy/byte-buddy-agent/1.14.15/byte-buddy-agent-1.14.15.jar)
WARNING: If a serviceability tool is in use, please run with -XX:+EnableDynamicAgentLoading to hide this warning
WARNING: If a serviceability tool is not in use, please run with -Djdk.instrument.traceUsage for more information
WARNING: Dynamic loading of agents will be disallowed by default in a future release
]]></system-err>
  </testcase>
</testsuite>